1.stab
Unterkante ist bei: 10.6
Oberkante ist bei:  22.6
Stablänge:          12.0
Minima:
[11.699999999999999, 11.0, 10.199999999999999, 9.3999999999999986, 8.2999999999999972, 7.3999999999999986, 6.5, 5.3999999999999986]
Positionen der Minima:
[22.600000000000001, 22.300000000000001, 21.600000000000001, 20.800000000000001, 20.0, 18.899999999999999, 18.0, 17.100000000000001, 16.0]
2.stab
Unterkante ist bei: 10.2
Oberkante ist bei:  22.2
Stablänge:          12.0
Minima:
[11.800000000000001, 11.600000000000001, 11.199999999999999, 10.800000000000001, 10.400000000000002, 10.0, 9.5, 9.0, 8.6000000000000014, 7.9000000000000021, 7.3000000000000007, 6.8000000000000007]
Positionen der Minima:
[22.199999999999999, 22.0, 21.800000000000001, 21.399999999999999, 21.0, 20.600000000000001, 20.199999999999999, 19.699999999999999, 19.199999999999999, 18.800000000000001, 18.100000000000001, 17.5, 17.0]
3.stab
Unterkante ist bei: 6.7
Oberkante ist bei:  18.7
Stablänge:          12.0
Minima:
[11.900000000000002, 11.650000000000002, 11.400000000000002, 11.150000000000002, 10.900000000000002, 10.650000000000002, 10.400000000000002, 10.199999999999999, 10.0, 9.6999999999999993, 9.4499999999999993, 9.2000000000000011, 8.9000000000000004, 8.6500000000000004, 8.3500000000000014, 8.0, 7.7000000000000011, 7.3000000000000007, 6.9500000000000011, 6.6000000000000014, 6.1000000000000014]
Positionen der Minima:
[18.699999999999999, 18.600000000000001, 18.350000000000001, 18.100000000000001, 17.850000000000001, 17.600000000000001, 17.350000000000001, 17.100000000000001, 16.899999999999999, 16.699999999999999, 16.399999999999999, 16.149999999999999, 15.9, 15.6, 15.35, 15.050000000000001, 14.699999999999999, 14.4, 14.0, 13.65, 13.300000000000001, 12.800000000000001]

Done. Press Enter to continue ...
